<?xml version="1.0" encoding="UTF-8"?>
<testsuite name="org.bukkit.craftbukkit.inventory.ItemMetaImplementationOverrideTest" time="0.007" tests="99" errors="0" skipped="0" failures="0">
  <properties>
    <property name="java.runtime.name" value="Java(TM) SE Runtime Environment"/>
    <property name="sun.boot.library.path" value="C:\Program Files\Java\jre1.8.0_241\bin"/>
    <property name="java.vm.version" value="25.241-b07"/>
    <property name="java.vm.vendor" value="Oracle Corporation"/>
    <property name="maven.multiModuleProjectDirectory" value="D:\MinecraftBuildTools\Spigot\Spigot-Server"/>
    <property name="java.vendor.url" value="http://java.oracle.com/"/>
    <property name="path.separator" value=";"/>
    <property name="guice.disable.misplaced.annotation.check" value="true"/>
    <property name="java.vm.name" value="Java HotSpot(TM) 64-Bit Server VM"/>
    <property name="file.encoding.pkg" value="sun.io"/>
    <property name="user.script" value=""/>
    <property name="user.country" value="FR"/>
    <property name="sun.java.launcher" value="SUN_STANDARD"/>
    <property name="sun.os.patch.level" value=""/>
    <property name="java.vm.specification.name" value="Java Virtual Machine Specification"/>
    <property name="user.dir" value="D:\MinecraftBuildTools\Spigot\Spigot-Server"/>
    <property name="java.runtime.version" value="1.8.0_241-b07"/>
    <property name="java.awt.graphicsenv" value="sun.awt.Win32GraphicsEnvironment"/>
    <property name="java.endorsed.dirs" value="C:\Program Files\Java\jre1.8.0_241\lib\endorsed"/>
    <property name="os.arch" value="amd64"/>
    <property name="java.io.tmpdir" value="C:\Users\SCHTRO~1\AppData\Local\Temp\"/>
    <property name="line.separator" value="&#10;"/>
    <property name="java.vm.specification.vendor" value="Oracle Corporation"/>
    <property name="user.variant" value=""/>
    <property name="os.name" value="Windows 10"/>
    <property name="classworlds.conf" value="C:\Users\Schtroumpfette\spigot-workspace\.metadata\.plugins\org.eclipse.m2e.launching\launches\m2conf7312478477244569489.tmp"/>
    <property name="sun.jnu.encoding" value="Cp1252"/>
    <property name="java.library.path" value="C:\Program Files\Java\jre1.8.0_241\bin;C:\WINDOWS\Sun\Java\bin;C:\WINDOWS\system32;C:\WINDOWS;C:/Program Files/Java/jre1.8.0_241/bin/server;C:/Program Files/Java/jre1.8.0_241/bin;C:/Program Files/Java/jre1.8.0_241/lib/amd64;C:\Program Files (x86)\Common Files\Oracle\Java\javapath;D:\mingw32\bin;C:\ProgramData\Oracle\Java\javapath;C:\Program Files (x86)\Intel\iCLS Client\;C:\Program Files\Intel\iCLS Client\;C:\Windows\system32;C:\Windows;C:\Windows\System32\Wbem;C:\Windows\System32\WindowsPowerShell\v1.0\;C:\Program Files\PuTTY\;C:\Program Files (x86)\Intel\Intel(R) Management Engine Components\DAL;C:\Program Files\Intel\Intel(R) Management Engine Components\DAL;C:\Program Files (x86)\Intel\Intel(R) Management Engine Components\IPT;C:\Program Files\Intel\Intel(R) Management Engine Components\IPT;C:\Program Files (x86)\GtkSharp\2.12\bin;C:\Program Files (x86)\NVIDIA Corporation\PhysX\Common;C:\WINDOWS\system32;C:\WINDOWS;C:\WINDOWS\System32\Wbem;C:\WINDOWS\System32\WindowsPowerShell\v1.0\;C:\Program Files\Git\cmd;C:\Program Files\Git\mingw64\bin;C:\Program Files\Git\usr\bin;C:\Program Files\NVIDIA Corporation\NVIDIA NvDLISR;C:\Go\bin;C:\Program Files\Calibre2\;C:\composer;C:\Program Files\Symfony;C:\WINDOWS\system32;C:\WINDOWS;C:\WINDOWS\System32\Wbem;C:\WINDOWS\System32\WindowsPowerShell\v1.0\;C:\WINDOWS\System32\OpenSSH\;C:\Program Files\LLVM\bin;C:\Users\Schtroumpfette\Documents\php-7.4.7-nts-Win32-vc15-x64;D:\Dev\Composer;C:\Program Files\Docker\Docker\resources\bin;C:\ProgramData\DockerDesktop\version-bin;D:\mingw32\bin;C:\Users\Schtroumpfette\AppData\Local\Microsoft\WindowsApps;C:\Users\Schtroumpfette\AppData\Local\GitHubDesktop\bin;C:\Users\Schtroumpfette\AppData\Local\Microsoft\WindowsApps;C:\Users\Schtroumpfette\go\bin;C:\Users\Schtroumpfette\AppData\Roaming\Composer\vendor\bin;C:\Users\Schtroumpfette\AppData\Local\Programs\Microsoft VS Code\bin;C:\Program Files\LLVM\bin;;C:\WINDOWS\system32;;."/>
    <property name="java.specification.name" value="Java Platform API Specification"/>
    <property name="java.class.version" value="52.0"/>
    <property name="sun.management.compiler" value="HotSpot 64-Bit Tiered Compilers"/>
    <property name="os.version" value="10.0"/>
    <property name="user.home" value="C:\Users\Schtroumpfette"/>
    <property name="user.timezone" value="Europe/Paris"/>
    <property name="java.awt.printerjob" value="sun.awt.windows.WPrinterJob"/>
    <property name="java.specification.version" value="1.8"/>
    <property name="file.encoding" value="Cp1252"/>
    <property name="user.name" value="Schtroumpfette"/>
    <property name="java.class.path" value="C:\Users\Schtroumpfette\.p2\pool\plugins\org.eclipse.m2e.maven.runtime_1.8.3.20180227-2135\jars\plexus-classworlds-2.5.2.jar"/>
    <property name="java.vm.specification.version" value="1.8"/>
    <property name="sun.arch.data.model" value="64"/>
    <property name="java.home" value="C:\Program Files\Java\jre1.8.0_241"/>
    <property name="sun.java.command" value="org.codehaus.plexus.classworlds.launcher.Launcher -B install"/>
    <property name="java.specification.vendor" value="Oracle Corporation"/>
    <property name="user.language" value="fr"/>
    <property name="awt.toolkit" value="sun.awt.windows.WToolkit"/>
    <property name="java.vm.info" value="mixed mode"/>
    <property name="java.version" value="1.8.0_241"/>
    <property name="java.ext.dirs" value="C:\Program Files\Java\jre1.8.0_241\lib\ext;C:\WINDOWS\Sun\Java\lib\ext"/>
    <property name="sun.boot.class.path" value="C:\Program Files\Java\jre1.8.0_241\lib\resources.jar;C:\Program Files\Java\jre1.8.0_241\lib\rt.jar;C:\Program Files\Java\jre1.8.0_241\lib\sunrsasign.jar;C:\Program Files\Java\jre1.8.0_241\lib\jsse.jar;C:\Program Files\Java\jre1.8.0_241\lib\jce.jar;C:\Program Files\Java\jre1.8.0_241\lib\charsets.jar;C:\Program Files\Java\jre1.8.0_241\lib\jfr.jar;C:\Program Files\Java\jre1.8.0_241\classes"/>
    <property name="java.vendor" value="Oracle Corporation"/>
    <property name="maven.home" value="D:\MinecraftBuildTools\Spigot\Spigot-Server\EMBEDDED"/>
    <property name="file.separator" value="\"/>
    <property name="java.vendor.url.bug" value="http://bugreport.sun.com/bugreport/"/>
    <property name="sun.cpu.endian" value="little"/>
    <property name="sun.io.unicode.encoding" value="UnicodeLittle"/>
    <property name="sun.desktop" value="windows"/>
    <property name="sun.cpu.isalist" value="amd64"/>
  </properties>
  <testcase name="testClass[[0]:CraftMetaPotion contains clone]" classname="org.bukkit.craftbukkit.inventory.ItemMetaImplementationOverrideTest" time="0"/>
  <testcase name="testClass[[1]:CraftMetaPotion contains isEmpty]" classname="org.bukkit.craftbukkit.inventory.ItemMetaImplementationOverrideTest" time="0"/>
  <testcase name="testClass[[2]:CraftMetaPotion contains applicableTo]" classname="org.bukkit.craftbukkit.inventory.ItemMetaImplementationOverrideTest" time="0"/>
  <testcase name="testClass[[3]:CraftMetaPotion contains serialize]" classname="org.bukkit.craftbukkit.inventory.ItemMetaImplementationOverrideTest" time="0"/>
  <testcase name="testClass[[4]:CraftMetaPotion contains applyToItem]" classname="org.bukkit.craftbukkit.inventory.ItemMetaImplementationOverrideTest" time="0"/>
  <testcase name="testClass[[5]:CraftMetaPotion contains applyHash]" classname="org.bukkit.craftbukkit.inventory.ItemMetaImplementationOverrideTest" time="0"/>
  <testcase name="testClass[[6]:CraftMetaPotion contains equalsCommon]" classname="org.bukkit.craftbukkit.inventory.ItemMetaImplementationOverrideTest" time="0"/>
  <testcase name="testClass[[7]:CraftMetaPotion contains notUncommon]" classname="org.bukkit.craftbukkit.inventory.ItemMetaImplementationOverrideTest" time="0"/>
  <testcase name="testClass[[8]:CraftMetaPotion contains annotation interface org.bukkit.configuration.serialization.DelegateDeserialization]" classname="org.bukkit.craftbukkit.inventory.ItemMetaImplementationOverrideTest" time="0.001"/>
  <testcase name="testClass[[9]:CraftMetaCharge contains clone]" classname="org.bukkit.craftbukkit.inventory.ItemMetaImplementationOverrideTest" time="0"/>
  <testcase name="testClass[[10]:CraftMetaCharge contains isEmpty]" classname="org.bukkit.craftbukkit.inventory.ItemMetaImplementationOverrideTest" time="0"/>
  <testcase name="testClass[[11]:CraftMetaCharge contains applicableTo]" classname="org.bukkit.craftbukkit.inventory.ItemMetaImplementationOverrideTest" time="0"/>
  <testcase name="testClass[[12]:CraftMetaCharge contains serialize]" classname="org.bukkit.craftbukkit.inventory.ItemMetaImplementationOverrideTest" time="0"/>
  <testcase name="testClass[[13]:CraftMetaCharge contains applyToItem]" classname="org.bukkit.craftbukkit.inventory.ItemMetaImplementationOverrideTest" time="0"/>
  <testcase name="testClass[[14]:CraftMetaCharge contains applyHash]" classname="org.bukkit.craftbukkit.inventory.ItemMetaImplementationOverrideTest" time="0"/>
  <testcase name="testClass[[15]:CraftMetaCharge contains equalsCommon]" classname="org.bukkit.craftbukkit.inventory.ItemMetaImplementationOverrideTest" time="0.001"/>
  <testcase name="testClass[[16]:CraftMetaCharge contains notUncommon]" classname="org.bukkit.craftbukkit.inventory.ItemMetaImplementationOverrideTest" time="0"/>
  <testcase name="testClass[[17]:CraftMetaCharge contains annotation interface org.bukkit.configuration.serialization.DelegateDeserialization]" classname="org.bukkit.craftbukkit.inventory.ItemMetaImplementationOverrideTest" time="0"/>
  <testcase name="testClass[[18]:CraftMetaLeatherArmor contains clone]" classname="org.bukkit.craftbukkit.inventory.ItemMetaImplementationOverrideTest" time="0"/>
  <testcase name="testClass[[19]:CraftMetaLeatherArmor contains isEmpty]" classname="org.bukkit.craftbukkit.inventory.ItemMetaImplementationOverrideTest" time="0"/>
  <testcase name="testClass[[20]:CraftMetaLeatherArmor contains applicableTo]" classname="org.bukkit.craftbukkit.inventory.ItemMetaImplementationOverrideTest" time="0"/>
  <testcase name="testClass[[21]:CraftMetaLeatherArmor contains serialize]" classname="org.bukkit.craftbukkit.inventory.ItemMetaImplementationOverrideTest" time="0"/>
  <testcase name="testClass[[22]:CraftMetaLeatherArmor contains applyToItem]" classname="org.bukkit.craftbukkit.inventory.ItemMetaImplementationOverrideTest" time="0"/>
  <testcase name="testClass[[23]:CraftMetaLeatherArmor contains applyHash]" classname="org.bukkit.craftbukkit.inventory.ItemMetaImplementationOverrideTest" time="0"/>
  <testcase name="testClass[[24]:CraftMetaLeatherArmor contains equalsCommon]" classname="org.bukkit.craftbukkit.inventory.ItemMetaImplementationOverrideTest" time="0"/>
  <testcase name="testClass[[25]:CraftMetaLeatherArmor contains notUncommon]" classname="org.bukkit.craftbukkit.inventory.ItemMetaImplementationOverrideTest" time="0"/>
  <testcase name="testClass[[26]:CraftMetaLeatherArmor contains annotation interface org.bukkit.configuration.serialization.DelegateDeserialization]" classname="org.bukkit.craftbukkit.inventory.ItemMetaImplementationOverrideTest" time="0"/>
  <testcase name="testClass[[27]:CraftMetaBookSigned contains clone]" classname="org.bukkit.craftbukkit.inventory.ItemMetaImplementationOverrideTest" time="0.002"/>
  <testcase name="testClass[[28]:CraftMetaBookSigned contains isEmpty]" classname="org.bukkit.craftbukkit.inventory.ItemMetaImplementationOverrideTest" time="0"/>
  <testcase name="testClass[[29]:CraftMetaBookSigned contains applicableTo]" classname="org.bukkit.craftbukkit.inventory.ItemMetaImplementationOverrideTest" time="0"/>
  <testcase name="testClass[[30]:CraftMetaBookSigned contains serialize]" classname="org.bukkit.craftbukkit.inventory.ItemMetaImplementationOverrideTest" time="0"/>
  <testcase name="testClass[[31]:CraftMetaBookSigned contains applyToItem]" classname="org.bukkit.craftbukkit.inventory.ItemMetaImplementationOverrideTest" time="0"/>
  <testcase name="testClass[[32]:CraftMetaBookSigned contains applyHash]" classname="org.bukkit.craftbukkit.inventory.ItemMetaImplementationOverrideTest" time="0"/>
  <testcase name="testClass[[33]:CraftMetaBookSigned contains equalsCommon]" classname="org.bukkit.craftbukkit.inventory.ItemMetaImplementationOverrideTest" time="0"/>
  <testcase name="testClass[[34]:CraftMetaBookSigned contains notUncommon]" classname="org.bukkit.craftbukkit.inventory.ItemMetaImplementationOverrideTest" time="0"/>
  <testcase name="testClass[[35]:CraftMetaBookSigned contains annotation interface org.bukkit.configuration.serialization.DelegateDeserialization]" classname="org.bukkit.craftbukkit.inventory.ItemMetaImplementationOverrideTest" time="0"/>
  <testcase name="testClass[[36]:CraftMetaBanner contains clone]" classname="org.bukkit.craftbukkit.inventory.ItemMetaImplementationOverrideTest" time="0"/>
  <testcase name="testClass[[37]:CraftMetaBanner contains isEmpty]" classname="org.bukkit.craftbukkit.inventory.ItemMetaImplementationOverrideTest" time="0"/>
  <testcase name="testClass[[38]:CraftMetaBanner contains applicableTo]" classname="org.bukkit.craftbukkit.inventory.ItemMetaImplementationOverrideTest" time="0"/>
  <testcase name="testClass[[39]:CraftMetaBanner contains serialize]" classname="org.bukkit.craftbukkit.inventory.ItemMetaImplementationOverrideTest" time="0"/>
  <testcase name="testClass[[40]:CraftMetaBanner contains applyToItem]" classname="org.bukkit.craftbukkit.inventory.ItemMetaImplementationOverrideTest" time="0.001"/>
  <testcase name="testClass[[41]:CraftMetaBanner contains applyHash]" classname="org.bukkit.craftbukkit.inventory.ItemMetaImplementationOverrideTest" time="0"/>
  <testcase name="testClass[[42]:CraftMetaBanner contains equalsCommon]" classname="org.bukkit.craftbukkit.inventory.ItemMetaImplementationOverrideTest" time="0"/>
  <testcase name="testClass[[43]:CraftMetaBanner contains notUncommon]" classname="org.bukkit.craftbukkit.inventory.ItemMetaImplementationOverrideTest" time="0"/>
  <testcase name="testClass[[44]:CraftMetaBanner contains annotation interface org.bukkit.configuration.serialization.DelegateDeserialization]" classname="org.bukkit.craftbukkit.inventory.ItemMetaImplementationOverrideTest" time="0"/>
  <testcase name="testClass[[45]:CraftMetaMap contains clone]" classname="org.bukkit.craftbukkit.inventory.ItemMetaImplementationOverrideTest" time="0"/>
  <testcase name="testClass[[46]:CraftMetaMap contains isEmpty]" classname="org.bukkit.craftbukkit.inventory.ItemMetaImplementationOverrideTest" time="0"/>
  <testcase name="testClass[[47]:CraftMetaMap contains applicableTo]" classname="org.bukkit.craftbukkit.inventory.ItemMetaImplementationOverrideTest" time="0"/>
  <testcase name="testClass[[48]:CraftMetaMap contains serialize]" classname="org.bukkit.craftbukkit.inventory.ItemMetaImplementationOverrideTest" time="0"/>
  <testcase name="testClass[[49]:CraftMetaMap contains applyToItem]" classname="org.bukkit.craftbukkit.inventory.ItemMetaImplementationOverrideTest" time="0"/>
  <testcase name="testClass[[50]:CraftMetaMap contains applyHash]" classname="org.bukkit.craftbukkit.inventory.ItemMetaImplementationOverrideTest" time="0"/>
  <testcase name="testClass[[51]:CraftMetaMap contains equalsCommon]" classname="org.bukkit.craftbukkit.inventory.ItemMetaImplementationOverrideTest" time="0"/>
  <testcase name="testClass[[52]:CraftMetaMap contains notUncommon]" classname="org.bukkit.craftbukkit.inventory.ItemMetaImplementationOverrideTest" time="0"/>
  <testcase name="testClass[[53]:CraftMetaMap contains annotation interface org.bukkit.configuration.serialization.DelegateDeserialization]" classname="org.bukkit.craftbukkit.inventory.ItemMetaImplementationOverrideTest" time="0.001"/>
  <testcase name="testClass[[54]:CraftMetaFirework contains clone]" classname="org.bukkit.craftbukkit.inventory.ItemMetaImplementationOverrideTest" time="0"/>
  <testcase name="testClass[[55]:CraftMetaFirework contains isEmpty]" classname="org.bukkit.craftbukkit.inventory.ItemMetaImplementationOverrideTest" time="0"/>
  <testcase name="testClass[[56]:CraftMetaFirework contains applicableTo]" classname="org.bukkit.craftbukkit.inventory.ItemMetaImplementationOverrideTest" time="0"/>
  <testcase name="testClass[[57]:CraftMetaFirework contains serialize]" classname="org.bukkit.craftbukkit.inventory.ItemMetaImplementationOverrideTest" time="0"/>
  <testcase name="testClass[[58]:CraftMetaFirework contains applyToItem]" classname="org.bukkit.craftbukkit.inventory.ItemMetaImplementationOverrideTest" time="0"/>
  <testcase name="testClass[[59]:CraftMetaFirework contains applyHash]" classname="org.bukkit.craftbukkit.inventory.ItemMetaImplementationOverrideTest" time="0"/>
  <testcase name="testClass[[60]:CraftMetaFirework contains equalsCommon]" classname="org.bukkit.craftbukkit.inventory.ItemMetaImplementationOverrideTest" time="0"/>
  <testcase name="testClass[[61]:CraftMetaFirework contains notUncommon]" classname="org.bukkit.craftbukkit.inventory.ItemMetaImplementationOverrideTest" time="0"/>
  <testcase name="testClass[[62]:CraftMetaFirework contains annotation interface org.bukkit.configuration.serialization.DelegateDeserialization]" classname="org.bukkit.craftbukkit.inventory.ItemMetaImplementationOverrideTest" time="0"/>
  <testcase name="testClass[[63]:CraftMetaEnchantedBook contains clone]" classname="org.bukkit.craftbukkit.inventory.ItemMetaImplementationOverrideTest" time="0"/>
  <testcase name="testClass[[64]:CraftMetaEnchantedBook contains isEmpty]" classname="org.bukkit.craftbukkit.inventory.ItemMetaImplementationOverrideTest" time="0"/>
  <testcase name="testClass[[65]:CraftMetaEnchantedBook contains applicableTo]" classname="org.bukkit.craftbukkit.inventory.ItemMetaImplementationOverrideTest" time="0"/>
  <testcase name="testClass[[66]:CraftMetaEnchantedBook contains serialize]" classname="org.bukkit.craftbukkit.inventory.ItemMetaImplementationOverrideTest" time="0"/>
  <testcase name="testClass[[67]:CraftMetaEnchantedBook contains applyToItem]" classname="org.bukkit.craftbukkit.inventory.ItemMetaImplementationOverrideTest" time="0"/>
  <testcase name="testClass[[68]:CraftMetaEnchantedBook contains applyHash]" classname="org.bukkit.craftbukkit.inventory.ItemMetaImplementationOverrideTest" time="0"/>
  <testcase name="testClass[[69]:CraftMetaEnchantedBook contains equalsCommon]" classname="org.bukkit.craftbukkit.inventory.ItemMetaImplementationOverrideTest" time="0"/>
  <testcase name="testClass[[70]:CraftMetaEnchantedBook contains notUncommon]" classname="org.bukkit.craftbukkit.inventory.ItemMetaImplementationOverrideTest" time="0"/>
  <testcase name="testClass[[71]:CraftMetaEnchantedBook contains annotation interface org.bukkit.configuration.serialization.DelegateDeserialization]" classname="org.bukkit.craftbukkit.inventory.ItemMetaImplementationOverrideTest" time="0"/>
  <testcase name="testClass[[72]:CraftMetaBlockState contains clone]" classname="org.bukkit.craftbukkit.inventory.ItemMetaImplementationOverrideTest" time="0"/>
  <testcase name="testClass[[73]:CraftMetaBlockState contains isEmpty]" classname="org.bukkit.craftbukkit.inventory.ItemMetaImplementationOverrideTest" time="0"/>
  <testcase name="testClass[[74]:CraftMetaBlockState contains applicableTo]" classname="org.bukkit.craftbukkit.inventory.ItemMetaImplementationOverrideTest" time="0"/>
  <testcase name="testClass[[75]:CraftMetaBlockState contains serialize]" classname="org.bukkit.craftbukkit.inventory.ItemMetaImplementationOverrideTest" time="0"/>
  <testcase name="testClass[[76]:CraftMetaBlockState contains applyToItem]" classname="org.bukkit.craftbukkit.inventory.ItemMetaImplementationOverrideTest" time="0"/>
  <testcase name="testClass[[77]:CraftMetaBlockState contains applyHash]" classname="org.bukkit.craftbukkit.inventory.ItemMetaImplementationOverrideTest" time="0"/>
  <testcase name="testClass[[78]:CraftMetaBlockState contains equalsCommon]" classname="org.bukkit.craftbukkit.inventory.ItemMetaImplementationOverrideTest" time="0"/>
  <testcase name="testClass[[79]:CraftMetaBlockState contains notUncommon]" classname="org.bukkit.craftbukkit.inventory.ItemMetaImplementationOverrideTest" time="0"/>
  <testcase name="testClass[[80]:CraftMetaBlockState contains annotation interface org.bukkit.configuration.serialization.DelegateDeserialization]" classname="org.bukkit.craftbukkit.inventory.ItemMetaImplementationOverrideTest" time="0"/>
  <testcase name="testClass[[81]:CraftMetaSkull contains clone]" classname="org.bukkit.craftbukkit.inventory.ItemMetaImplementationOverrideTest" time="0"/>
  <testcase name="testClass[[82]:CraftMetaSkull contains isEmpty]" classname="org.bukkit.craftbukkit.inventory.ItemMetaImplementationOverrideTest" time="0"/>
  <testcase name="testClass[[83]:CraftMetaSkull contains applicableTo]" classname="org.bukkit.craftbukkit.inventory.ItemMetaImplementationOverrideTest" time="0"/>
  <testcase name="testClass[[84]:CraftMetaSkull contains serialize]" classname="org.bukkit.craftbukkit.inventory.ItemMetaImplementationOverrideTest" time="0"/>
  <testcase name="testClass[[85]:CraftMetaSkull contains applyToItem]" classname="org.bukkit.craftbukkit.inventory.ItemMetaImplementationOverrideTest" time="0"/>
  <testcase name="testClass[[86]:CraftMetaSkull contains applyHash]" classname="org.bukkit.craftbukkit.inventory.ItemMetaImplementationOverrideTest" time="0"/>
  <testcase name="testClass[[87]:CraftMetaSkull contains equalsCommon]" classname="org.bukkit.craftbukkit.inventory.ItemMetaImplementationOverrideTest" time="0"/>
  <testcase name="testClass[[88]:CraftMetaSkull contains notUncommon]" classname="org.bukkit.craftbukkit.inventory.ItemMetaImplementationOverrideTest" time="0"/>
  <testcase name="testClass[[89]:CraftMetaSkull contains annotation interface org.bukkit.configuration.serialization.DelegateDeserialization]" classname="org.bukkit.craftbukkit.inventory.ItemMetaImplementationOverrideTest" time="0"/>
  <testcase name="testClass[[90]:CraftMetaBook contains clone]" classname="org.bukkit.craftbukkit.inventory.ItemMetaImplementationOverrideTest" time="0"/>
  <testcase name="testClass[[91]:CraftMetaBook contains isEmpty]" classname="org.bukkit.craftbukkit.inventory.ItemMetaImplementationOverrideTest" time="0"/>
  <testcase name="testClass[[92]:CraftMetaBook contains applicableTo]" classname="org.bukkit.craftbukkit.inventory.ItemMetaImplementationOverrideTest" time="0.001"/>
  <testcase name="testClass[[93]:CraftMetaBook contains serialize]" classname="org.bukkit.craftbukkit.inventory.ItemMetaImplementationOverrideTest" time="0"/>
  <testcase name="testClass[[94]:CraftMetaBook contains applyToItem]" classname="org.bukkit.craftbukkit.inventory.ItemMetaImplementationOverrideTest" time="0"/>
  <testcase name="testClass[[95]:CraftMetaBook contains applyHash]" classname="org.bukkit.craftbukkit.inventory.ItemMetaImplementationOverrideTest" time="0"/>
  <testcase name="testClass[[96]:CraftMetaBook contains equalsCommon]" classname="org.bukkit.craftbukkit.inventory.ItemMetaImplementationOverrideTest" time="0"/>
  <testcase name="testClass[[97]:CraftMetaBook contains notUncommon]" classname="org.bukkit.craftbukkit.inventory.ItemMetaImplementationOverrideTest" time="0"/>
  <testcase name="testClass[[98]:CraftMetaBook contains annotation interface org.bukkit.configuration.serialization.DelegateDeserialization]" classname="org.bukkit.craftbukkit.inventory.ItemMetaImplementationOverrideTest" time="0"/>
</testsuite>